# Logfile created on 2014-06-19 20:39:42 -0700 by logger.rb/44203
I, [2014-06-19T20:39:42.381575 #97404]  INFO -- : 0:  chain-ruby (0.0.8) from /Users/charley/code/chain/sdk/chain-ruby/chain-ruby.gemspec
I, [2014-06-19T20:39:42.381950 #97404]  INFO -- : 0:  bundler (1.5.1) from /Users/charley/.rvm/gems/ruby-2.1.0@global/specifications/bundler-1.5.1.gemspec
I, [2014-06-19T20:43:52.253797 #98262]  INFO -- : 0:  chain-ruby (0.0.8) from /Users/charley/code/chain/sdk/chain-ruby/chain-ruby.gemspec
I, [2014-06-19T20:43:52.866845 #98262]  INFO -- : 0:  diff-lcs (1.2.5) from /Users/charley/.rvm/gems/ruby-2.1.0/specifications/diff-lcs-1.2.5.gemspec
I, [2014-06-19T20:43:53.364520 #98262]  INFO -- : 0:  rspec-support (3.0.1) from /Users/charley/.rvm/gems/ruby-2.1.0/specifications/rspec-support-3.0.1.gemspec
I, [2014-06-19T20:43:53.996143 #98262]  INFO -- : 0:  rspec-core (3.0.1) from /Users/charley/.rvm/gems/ruby-2.1.0/specifications/rspec-core-3.0.1.gemspec
I, [2014-06-19T20:43:54.561958 #98262]  INFO -- : 0:  rspec-expectations (3.0.1) from /Users/charley/.rvm/gems/ruby-2.1.0/specifications/rspec-expectations-3.0.1.gemspec
I, [2014-06-19T20:43:55.158863 #98262]  INFO -- : 0:  rspec-mocks (3.0.2) from /Users/charley/.rvm/gems/ruby-2.1.0/specifications/rspec-mocks-3.0.2.gemspec
I, [2014-06-19T20:43:55.618145 #98262]  INFO -- : 0:  rspec (3.0.0) from /Users/charley/.rvm/gems/ruby-2.1.0/specifications/rspec-3.0.0.gemspec
I, [2014-06-19T20:43:55.618547 #98262]  INFO -- : 0:  bundler (1.5.1) from /Users/charley/.rvm/gems/ruby-2.1.0@global/specifications/bundler-1.5.1.gemspec
I, [2014-06-19T20:49:56.623095 #99442]  INFO -- : 0:  chain-ruby (0.0.8) from /Users/charley/code/chain/sdk/chain-ruby/chain-ruby.gemspec
I, [2014-06-19T20:49:56.623655 #99442]  INFO -- : 0:  diff-lcs (1.2.5) from /Users/charley/.rvm/gems/ruby-2.1.0/specifications/diff-lcs-1.2.5.gemspec
I, [2014-06-19T20:49:57.642520 #99442]  INFO -- : 0:  fakeweb (1.3.0) from /Users/charley/.rvm/gems/ruby-2.1.0/specifications/fakeweb-1.3.0.gemspec
I, [2014-06-19T20:49:57.643083 #99442]  INFO -- : 0:  rspec-support (3.0.1) from /Users/charley/.rvm/gems/ruby-2.1.0/specifications/rspec-support-3.0.1.gemspec
I, [2014-06-19T20:49:57.643461 #99442]  INFO -- : 0:  rspec-core (3.0.1) from /Users/charley/.rvm/gems/ruby-2.1.0/specifications/rspec-core-3.0.1.gemspec
I, [2014-06-19T20:49:57.643803 #99442]  INFO -- : 0:  rspec-expectations (3.0.1) from /Users/charley/.rvm/gems/ruby-2.1.0/specifications/rspec-expectations-3.0.1.gemspec
I, [2014-06-19T20:49:57.644141 #99442]  INFO -- : 0:  rspec-mocks (3.0.2) from /Users/charley/.rvm/gems/ruby-2.1.0/specifications/rspec-mocks-3.0.2.gemspec
I, [2014-06-19T20:49:57.644472 #99442]  INFO -- : 0:  rspec (3.0.0) from /Users/charley/.rvm/gems/ruby-2.1.0/specifications/rspec-3.0.0.gemspec
I, [2014-06-19T20:49:57.644801 #99442]  INFO -- : 0:  bundler (1.5.1) from /Users/charley/.rvm/gems/ruby-2.1.0@global/specifications/bundler-1.5.1.gemspec
I, [2014-06-19T21:02:18.753324 #2229]  INFO -- : 0:  chain-ruby (0.0.8) from /Users/charley/code/chain/sdk/chain-ruby/chain-ruby.gemspec
I, [2014-06-19T21:02:18.757030 #2229]  INFO -- : 0:  diff-lcs (1.2.5) from /Users/charley/.rvm/gems/ruby-2.1.0/specifications/diff-lcs-1.2.5.gemspec
I, [2014-06-19T21:02:18.757507 #2229]  INFO -- : 0:  fakeweb (1.3.0) from /Users/charley/.rvm/gems/ruby-2.1.0/specifications/fakeweb-1.3.0.gemspec
I, [2014-06-19T21:02:18.758152 #2229]  INFO -- : 0:  rspec-support (3.0.1) from /Users/charley/.rvm/gems/ruby-2.1.0/specifications/rspec-support-3.0.1.gemspec
I, [2014-06-19T21:02:18.758690 #2229]  INFO -- : 0:  rspec-core (3.0.1) from /Users/charley/.rvm/gems/ruby-2.1.0/specifications/rspec-core-3.0.1.gemspec
I, [2014-06-19T21:02:18.759193 #2229]  INFO -- : 0:  rspec-expectations (3.0.1) from /Users/charley/.rvm/gems/ruby-2.1.0/specifications/rspec-expectations-3.0.1.gemspec
I, [2014-06-19T21:02:18.759660 #2229]  INFO -- : 0:  rspec-mocks (3.0.2) from /Users/charley/.rvm/gems/ruby-2.1.0/specifications/rspec-mocks-3.0.2.gemspec
I, [2014-06-19T21:02:18.760115 #2229]  INFO -- : 0:  rspec (3.0.0) from /Users/charley/.rvm/gems/ruby-2.1.0/specifications/rspec-3.0.0.gemspec
I, [2014-06-19T21:02:18.760619 #2229]  INFO -- : 0:  bundler (1.5.1) from /Users/charley/.rvm/gems/ruby-2.1.0@global/specifications/bundler-1.5.1.gemspec
